{
  "stats": {
    "suites": 1,
    "tests": 1,
    "passes": 0,
    "pending": 2,
    "failures": -1,
    "start": "2025-05-22T11:29:14.463Z",
    "end": "2025-05-22T11:29:14.730Z",
    "duration": 267,
    "testsRegistered": 2,
    "passPercent": null,
    "pendingPercent": 100,
    "other": 1,
    "hasOther": true,
    "skipped": 0,
    "hasSkipped": false
  },
  "results": [
    {
      "uuid": "7573338d-2dbc-4623-9ecb-45d55720178b",
      "title": "",
      "fullFile": "cypress/e2e/tests/features/carinsurance.feature",
      "file": "cypress/e2e/tests/features/carinsurance.feature",
      "beforeHooks": [],
      "afterHooks": [],
      "tests": [],
      "suites": [
        {
          "uuid": "5697284d-2ce9-4c30-baae-eae17b99937c",
          "title": "Car insurance",
          "fullFile": "",
          "file": "",
          "beforeHooks": [],
          "afterHooks": [],
          "tests": [
            {
              "title": "User requests a car insurance quotation with a breakdown cover (example #1)",
              "fullTitle": "Car insurance User requests a car insurance quotation with a breakdown cover (example #1)",
              "timedOut": null,
              "duration": 0,
              "state": "pending",
              "speed": null,
              "pass": false,
              "fail": false,
              "pending": true,
              "context": null,
              "code": "",
              "err": {},
              "uuid": "fbfc66f2-9208-41b7-8c37-36c1ed01c752",
              "parentUUID": "5697284d-2ce9-4c30-baae-eae17b99937c",
              "isHook": false,
              "skipped": false
            },
            {
              "title": "User requests a car insurance quotation with a breakdown cover (example #2)",
              "fullTitle": "Car insurance User requests a car insurance quotation with a breakdown cover (example #2)",
              "timedOut": null,
              "duration": 0,
              "state": "pending",
              "speed": null,
              "pass": false,
              "fail": false,
              "pending": true,
              "context": null,
              "code": "",
              "err": {},
              "uuid": "d3c77fc0-557d-44c7-896b-28e5f72a2ca8",
              "parentUUID": "5697284d-2ce9-4c30-baae-eae17b99937c",
              "isHook": false,
              "skipped": false
            }
          ],
          "suites": [],
          "passes": [],
          "failures": [],
          "pending": [
            "fbfc66f2-9208-41b7-8c37-36c1ed01c752",
            "d3c77fc0-557d-44c7-896b-28e5f72a2ca8"
          ],
          "skipped": [],
          "duration": 0,
          "root": false,
          "rootEmpty": false,
          "_timeout": 2000
        }
      ],
      "passes": [],
      "failures": [],
      "pending": [],
      "skipped": [],
      "duration": 0,
      "root": true,
      "rootEmpty": true,
      "_timeout": 2000
    }
  ],
  "meta": {
    "mocha": {
      "version": "7.0.1"
    },
    "mochawesome": {
      "options": {
        "quiet": false,
        "reportFilename": "mochawesome",
        "saveHtml": false,
        "saveJson": true,
        "consoleReporter": "spec",
        "useInlineDiffs": false,
        "code": true
      },
      "version": "7.1.3"
    },
    "marge": {
      "options": {
        "reportDir": "cypress/reports/mochawesome",
        "overwrite": false,
        "html": false,
        "json": true
      },
      "version": "6.2.0"
    }
  }
}